<?xml version="1.0" encoding="UTF-8"?>
<!-- Generated by org.testng.reporters.JUnitXMLReporter -->
<testsuite ignored="0" hostname="DESKTOP-ISGNV5K" failures="0" tests="3" name="Test" time="1.636" errors="0" timestamp="26 May 2022 12:48:58 GMT">
  <testcase classname="org.testing.TestScripts.TC2" name="tc2method" time="1.52"/>
  <testcase classname="org.testing.TestScripts.TC4" name="TC4method" time="0.058"/>
  <testcase classname="org.testing.TestScripts.TC5" name="tc5method" time="0.032"/>
</testsuite> <!-- Test -->
