<?xml version="1.0" encoding="UTF-8"?>
<testng-results ignored="0" total="3" passed="3" failed="0" skipped="0">
  <reporter-output>
  </reporter-output>
  <suite started-at="2022-05-26T12:48:57Z" name="Suite" finished-at="2022-05-26T12:48:58Z" duration-ms="1636">
    <groups>
    </groups>
    <test started-at="2022-05-26T12:48:57Z" name="Test" finished-at="2022-05-26T12:48:58Z" duration-ms="1636">
      <class name="org.testing.TestScripts.TC4">
        <test-method signature="TC4method()[pri:0, instance:org.testing.TestScripts.TC4@537f60bf]" started-at="2022-05-26T18:18:58Z" name="TC4method" finished-at="2022-05-26T18:18:58Z" duration-ms="58" status="PASS">
          <reporter-output>
          </reporter-output>
        </test-method> <!-- TC4method -->
      </class> <!-- org.testing.TestScripts.TC4 -->
      <class name="org.testing.TestScripts.TC5">
        <test-method signature="tc5method()[pri:0, instance:org.testing.TestScripts.TC5@5677323c]" started-at="2022-05-26T18:18:58Z" name="tc5method" finished-at="2022-05-26T18:18:58Z" duration-ms="32" status="PASS">
          <reporter-output>
          </reporter-output>
        </test-method> <!-- tc5method -->
      </class> <!-- org.testing.TestScripts.TC5 -->
      <class name="org.testing.TestScripts.TC2">
        <test-method signature="tc2method()[pri:0, instance:org.testing.TestScripts.TC2@4a883b15]" started-at="2022-05-26T18:18:57Z" name="tc2method" finished-at="2022-05-26T18:18:58Z" duration-ms="1520" status="PASS">
          <reporter-output>
          </reporter-output>
        </test-method> <!-- tc2method -->
      </class> <!-- org.testing.TestScripts.TC2 -->
    </test> <!-- Test -->
  </suite> <!-- Suite -->
</testng-results>
